<?xml version="1.0" encoding="UTF-8"?>
<testng-results skipped="0" failed="1" ignored="0" total="1" passed="0">
  <reporter-output>
  </reporter-output>
  <suite name="My Test Suite" duration-ms="3331" started-at="2017-11-18T02:22:38Z" finished-at="2017-11-18T02:22:41Z">
    <groups>
    </groups>
    <test name="My first test" duration-ms="3331" started-at="2017-11-18T02:22:38Z" finished-at="2017-11-18T02:22:41Z">
      <class name="com.tae.training.tests.TestTravelocity">
        <test-method status="PASS" signature="beforeSuite(java.lang.String)[pri:0, instance:com.tae.training.tests.TestTravelocity@482f8f11]" name="beforeSuite" is-config="true" duration-ms="12016" started-at="2017-11-17T21:22:26Z" finished-at="2017-11-17T21:22:38Z">
          <params>
            <param index="0">
              <value>
                <![CDATA[firefox]]>
              </value>
            </param>
          </params>
          <reporter-output>
          </reporter-output>
        </test-method> <!-- beforeSuite -->
        <test-method status="FAIL" signature="testSearchFlight()[pri:0, instance:com.tae.training.tests.TestTravelocity@482f8f11]" name="testSearchFlight" duration-ms="3316" started-at="2017-11-17T21:22:38Z" finished-at="2017-11-17T21:22:41Z">
          <exception class="java.lang.AssertionError">
            <message>
              <![CDATA[expected [Select your departure to Los Angeles] but found [Proxy element for: DefaultElementLocator 'By.xpath: //span[@class='title-city-text']']]]>
            </message>
            <full-stacktrace>
              <![CDATA[java.lang.AssertionError: expected [Select your departure to Los Angeles] but found [Proxy element for: DefaultElementLocator 'By.xpath: //span[@class='title-city-text']']
	at org.testng.Assert.fail(Assert.java:93)
	at org.testng.Assert.failNotEquals(Assert.java:512)
	at org.testng.Assert.assertEqualsImpl(Assert.java:134)
	at org.testng.Assert.assertEquals(Assert.java:115)
	at org.testng.Assert.assertEquals(Assert.java:178)
	at com.tae.training.tests.TestTravelocity.testSearchFlight(TestTravelocity.java:16)
	at sun.reflect.NativeMethodAccessorImpl.invoke0(Native Method)
	at sun.reflect.NativeMethodAccessorImpl.invoke(NativeMethodAccessorImpl.java:62)
	at sun.reflect.DelegatingMethodAccessorImpl.invoke(DelegatingMethodAccessorImpl.java:43)
	at java.lang.reflect.Method.invoke(Method.java:498)
	at org.testng.internal.MethodInvocationHelper.invokeMethod(MethodInvocationHelper.java:108)
	at org.testng.internal.Invoker.invokeMethod(Invoker.java:661)
	at org.testng.internal.Invoker.invokeTestMethod(Invoker.java:869)
	at org.testng.internal.Invoker.invokeTestMethods(Invoker.java:1193)
	at org.testng.internal.TestMethodWorker.invokeTestMethods(TestMethodWorker.java:126)
	at org.testng.internal.TestMethodWorker.run(TestMethodWorker.java:109)
	at org.testng.TestRunner.privateRun(TestRunner.java:744)
	at org.testng.TestRunner.run(TestRunner.java:602)
	at org.testng.SuiteRunner.runTest(SuiteRunner.java:380)
	at org.testng.SuiteRunner.runSequentially(SuiteRunner.java:375)
	at org.testng.SuiteRunner.privateRun(SuiteRunner.java:340)
	at org.testng.SuiteRunner.run(SuiteRunner.java:289)
	at org.testng.SuiteRunnerWorker.runSuite(SuiteRunnerWorker.java:52)
	at org.testng.SuiteRunnerWorker.run(SuiteRunnerWorker.java:86)
	at org.testng.TestNG.runSuitesSequentially(TestNG.java:1301)
	at org.testng.TestNG.runSuitesLocally(TestNG.java:1226)
	at org.testng.TestNG.runSuites(TestNG.java:1144)
	at org.testng.TestNG.run(TestNG.java:1115)
	at org.testng.remote.AbstractRemoteTestNG.run(AbstractRemoteTestNG.java:132)
	at org.testng.remote.RemoteTestNG.initAndRun(RemoteTestNG.java:230)
	at org.testng.remote.RemoteTestNG.main(RemoteTestNG.java:76)
]]>
            </full-stacktrace>
          </exception> <!-- java.lang.AssertionError -->
          <reporter-output>
          </reporter-output>
        </test-method> <!-- testSearchFlight -->
        <test-method status="PASS" signature="afterSuite()[pri:0, instance:com.tae.training.tests.TestTravelocity@482f8f11]" name="afterSuite" is-config="true" duration-ms="351" started-at="2017-11-17T21:22:42Z" finished-at="2017-11-17T21:22:42Z">
          <reporter-output>
          </reporter-output>
        </test-method> <!-- afterSuite -->
      </class> <!-- com.tae.training.tests.TestTravelocity -->
    </test> <!-- My first test -->
  </suite> <!-- My Test Suite -->
</testng-results>
